0 info it worked if it ends with ok
1 verbose cli [ '/usr/local/bin/node',
1 verbose cli   '/Users/jearl/.nvm/versions/node/v5.2.0/bin/npm',
1 verbose cli   'start' ]
2 info using npm@3.5.2
3 info using node@v8.4.0
4 verbose run-script [ 'prestart', 'start', 'poststart' ]
5 info lifecycle boilerplate@1.0.0~prestart: boilerplate@1.0.0
6 silly lifecycle boilerplate@1.0.0~prestart: no script for prestart, continuing
7 info lifecycle boilerplate@1.0.0~start: boilerplate@1.0.0
8 verbose lifecycle boilerplate@1.0.0~start: unsafe-perm in lifecycle true
9 verbose lifecycle boilerplate@1.0.0~start: PATH: /Users/jearl/.nvm/versions/node/v5.2.0/lib/node_modules/npm/bin/node-gyp-bin:/Users/jearl/Desktop/JS/ReactWeather/node_modules/.bin:/usr/local/bin:/usr/bin:/bin:/usr/sbin:/sbin:/usr/local/share/dotnet:/Library/Frameworks/Mono.framework/Versions/Current/Commands:/Applications/Postgres.app/Contents/Versions/latest/bin:/Users/jearl/.nvm/versions/node/v5.2.0/bin
10 verbose lifecycle boilerplate@1.0.0~start: CWD: /Users/jearl/Desktop/JS/ReactWeather
11 silly lifecycle boilerplate@1.0.0~start: Args: [ '-c', 'node server.js' ]
12 silly lifecycle boilerplate@1.0.0~start: Returned: code: 1  signal: null
13 info lifecycle boilerplate@1.0.0~start: Failed to exec start script
14 verbose stack Error: boilerplate@1.0.0 start: `node server.js`
14 verbose stack Exit status 1
14 verbose stack     at EventEmitter.<anonymous> (/Users/jearl/.nvm/versions/node/v5.2.0/lib/node_modules/npm/lib/utils/lifecycle.js:232:16)
14 verbose stack     at emitTwo (events.js:125:13)
14 verbose stack     at EventEmitter.emit (events.js:213:7)
14 verbose stack     at ChildProcess.<anonymous> (/Users/jearl/.nvm/versions/node/v5.2.0/lib/node_modules/npm/lib/utils/spawn.js:24:14)
14 verbose stack     at emitTwo (events.js:125:13)
14 verbose stack     at ChildProcess.emit (events.js:213:7)
14 verbose stack     at maybeClose (internal/child_process.js:927:16)
14 verbose stack     at Process.ChildProcess._handle.onexit (internal/child_process.js:211:5)
15 verbose pkgid boilerplate@1.0.0
16 verbose cwd /Users/jearl/Desktop/JS/ReactWeather
17 error Darwin 15.6.0
18 error argv "/usr/local/bin/node" "/Users/jearl/.nvm/versions/node/v5.2.0/bin/npm" "start"
19 error node v8.4.0
20 error npm  v3.5.2
21 error code ELIFECYCLE
22 error boilerplate@1.0.0 start: `node server.js`
22 error Exit status 1
23 error Failed at the boilerplate@1.0.0 start script 'node server.js'.
23 error Make sure you have the latest version of node.js and npm installed.
23 error If you do, this is most likely a problem with the boilerplate package,
23 error not with npm itself.
23 error Tell the author that this fails on your system:
23 error     node server.js
23 error You can get information on how to open an issue for this project with:
23 error     npm bugs boilerplate
23 error Or if that isn't available, you can get their info via:
23 error     npm owner ls boilerplate
23 error There is likely additional logging output above.
24 verbose exit [ 1, true ]
